 t(yr), target i, target m (Mearth), projectile i, projectile m (Mearth), impact v (km/s)impact velocity (units of mutual escape velocity), and impact angle (deg).
 2.52380E+02     9 5.03352E-02   137 2.51676E-03   3.2757   1.0055  54.22
 4.63060E+02    14 5.03352E-02   243 2.51676E-03   3.2769   1.0059  33.02
 7.23040E+02     9 5.28520E-02   141 2.51676E-03   3.3411   1.0080  47.82
 8.55020E+02     8 5.03352E-02   125 2.51676E-03   3.2694   1.0036  49.15
 9.57660E+02     8 5.28520E-02   116 2.51676E-03   3.3399   1.0076  39.24
 2.84652E+03    10 5.03352E-02   161 2.51676E-03   3.2967   1.0119  56.46
 3.09692E+03     4 5.03352E-02    48 2.51676E-03   3.2937   1.0110  78.79
 4.18068E+03     7 5.03352E-02    91 2.51676E-03   3.2713   1.0041  14.17
 4.83370E+03     4 5.28520E-02    45 2.51676E-03   3.3400   1.0077  12.22
 5.88954E+03     9 5.53688E-02   134 2.51676E-03   3.4155   1.0135  58.82
 9.99452E+03     9 5.78855E-02   154 2.51676E-03   3.4407   1.0050  47.28
 1.12506E+04     5 5.03352E-02    73 2.51676E-03   3.2739   1.0049  57.34
 1.23492E+04     5 5.28520E-02    49 2.51676E-03   3.4651   1.0454  46.90
 1.46284E+04     4 5.53688E-02    44 2.51676E-03   3.3870   1.0051  34.37
 1.49369E+04    13 5.03352E-02   202 2.51676E-03   3.2686   1.0033  50.12
 1.69411E+04     8 5.53688E-02   103 2.51676E-03   3.4072   1.0111  44.00
 3.48935E+04     4 5.78855E-02    51 2.51676E-03   3.5679   1.0421  26.51
 3.85308E+04     6 5.03352E-02    55 2.51676E-03   3.3169   1.0181  80.06
 4.07430E+04     5 5.53688E-02    63 2.51676E-03   3.4422   1.0214  65.80
 4.81102E+04     4 6.04023E-02    54 2.51676E-03   3.5550   1.0227  41.63
 5.25340E+04     8 5.78855E-02   108 2.51676E-03   3.5574   1.0391  71.14
 7.34171E+04    10 5.28520E-02   177 2.51676E-03   3.5921   1.0837  49.99
 7.41427E+04     9 6.04023E-02   127 2.51676E-03   3.6538   1.0512  13.77
 8.01087E+04     7 5.28520E-02   162 2.51676E-03   4.7343   1.4283  62.69
 8.02988E+04     6 5.28520E-02    92 2.51676E-03   3.3536   1.0118  45.43
 8.15482E+04    10 5.53688E-02   595 2.51676E-03   3.3732   1.0010  67.52
 8.85471E+04     7 5.53688E-02   386 2.51676E-03   3.4614   1.0271  37.53
 8.89990E+04     5 5.78855E-02   122 2.51676E-03   3.6101   1.0545  42.93
 8.90995E+04     7 5.78855E-02    47 2.51676E-03   3.4580   1.0100  64.13
 8.93869E+04     5 6.04023E-02    56 2.51676E-03   3.4969   1.0060  64.02
 9.27530E+04     9 6.29190E-02   336 2.51676E-03   4.7710   1.3528  45.36
 9.82616E+04     8 6.04023E-02    96 2.51676E-03   3.6570   1.0521  23.44
 1.08656E+05     7 6.04023E-02   431 2.51676E-03   3.6987   1.0641  13.65
 1.12029E+05    10 5.78855E-02   289 2.51676E-03  10.8788   3.1776  71.42
 1.13987E+05     9 6.54358E-02   238 2.51676E-03   3.7297   1.0428  33.74
 1.15403E+05     5 6.29190E-02   622 2.51676E-03   8.4375   2.3924  71.06
 1.20198E+05     7 6.29190E-02   575 2.51676E-03   3.5922   1.0185  29.84
 1.25095E+05     7 6.54358E-02   701 2.51676E-03   3.6105   1.0095  13.43
 1.26391E+05     8 6.29190E-02   724 2.51676E-03   3.6765   1.0424  84.11
 1.26991E+05     7 6.79526E-02   104 2.51676E-03   3.8495   1.0619  54.03
 1.27722E+05     8 6.54358E-02   193 2.51676E-03   3.6569   1.0225  44.87
 1.28641E+05     9 6.79526E-02   347 2.51676E-03   4.0379   1.1139  26.89
 1.28807E+05     9 7.04693E-02   286 2.51676E-03   3.9128   1.0654  59.59
 1.31421E+05     7 7.04693E-02   191 2.51676E-03   3.8111   1.0377  38.06
 1.31573E+05     6 5.53688E-02   149 2.51676E-03   3.4500   1.0238  79.78
 1.33872E+05     6 5.78855E-02   361 2.51676E-03   3.4396   1.0047  62.51
 1.35073E+05     9 7.29861E-02   449 2.51676E-03   4.2493   1.1427  38.38
 1.37237E+05     4 6.29190E-02    84 2.51676E-03   3.5631   1.0103  19.46
 1.39518E+05    10 6.04023E-02   129 2.51676E-03  11.3772   3.2732  81.38
 1.39700E+05     6 6.04023E-02   368 2.51676E-03   3.8355   1.1035  38.32
 1.43371E+05     8 6.79526E-02   439 2.51676E-03   3.7078   1.0228  28.33
 1.44486E+05     7 7.29861E-02    85 2.51676E-03   3.7683   1.0133  53.95
 1.46658E+05     7 7.55028E-02   566 2.51676E-03   3.8135   1.0131  19.12
 1.47412E+05     9 7.55028E-02    99 2.51676E-03   3.8086   1.0118  50.60
 1.47699E+05     7 7.80196E-02   350 2.51676E-03   3.8737   1.0171  51.17
 1.48431E+05     6 6.29190E-02   437 2.51676E-03   3.5724   1.0129  46.40
 1.49573E+05     8 7.04693E-02   293 2.51676E-03   3.9811   1.0841  55.07
 1.50909E+05     7 8.05364E-02   255 2.51676E-03   3.9314   1.0206  43.96
 1.53124E+05     8 7.29861E-02   360 2.51676E-03   3.7475   1.0077  20.83
 1.53726E+05     5 6.54358E-02   168 2.51676E-03   4.1701   1.1660  46.75
 1.53984E+05     6 6.54358E-02   469 2.51676E-03   3.7493   1.0483  54.94
 1.56479E+05     9 7.80196E-02   236 2.51676E-03   3.9636   1.0407  32.10
 1.57825E+05     5 6.79526E-02   648 2.51676E-03   4.9229   1.3580  62.44
 1.58527E+05     7 8.30531E-02   653 2.51676E-03   4.0754   1.0464  27.99
 1.58959E+05     6 6.79526E-02   187 2.51676E-03   3.7954   1.0470  30.62
 1.60014E+05     8 7.55028E-02   403 2.51676E-03   4.0891   1.0863  53.09
 1.62532E+05     7 8.55699E-02   115 2.51676E-03   4.3023   1.0929  32.81
 1.64525E+05     4 6.54358E-02   109 2.51676E-03   3.7190   1.0398  18.40
 1.66249E+05     7 8.80866E-02   500 2.51676E-03   3.9953   1.0044  49.54
 1.67082E+05     6 7.04693E-02   464 2.51676E-03   3.8275   1.0422  38.39
 1.67821E+05     7 9.06034E-02   344 2.51676E-03   4.0854   1.0167  47.37
 1.68162E+05     7 9.31202E-02   263 2.51676E-03   4.2018   1.0355  36.62
 1.70021E+05    13 5.28520E-02   416 2.51676E-03  13.5983   4.1024  72.60
 1.70321E+05     6 7.29861E-02   385 2.51676E-03   3.7153   0.9991  31.85
 1.73579E+05     9 8.05364E-02   318 2.51676E-03   3.9891   1.0355  62.51
 1.74197E+05     9 8.30531E-02   242 2.51676E-03   3.9203   1.0065  77.85
 1.74588E+05     4 6.79526E-02    76 2.51676E-03   3.6326   1.0021  57.53
 1.75688E+05    13 5.53688E-02   473 2.51676E-03  15.3874   4.5661  29.67
 1.77902E+05    10 6.29190E-02   554 2.51676E-03  10.3456   2.9334  36.95
 1.79192E+05     9 8.55699E-02   422 2.51676E-03   3.9957   1.0150  46.32
 1.80372E+05     9 8.80866E-02   119 2.51676E-03   4.0391   1.0154  23.77
 1.83205E+05     8 7.80196E-02   713 2.51676E-03   3.8222   1.0036  70.77
 1.83313E+05     7 9.56369E-02   383 2.51676E-03   4.2891   1.0469  74.58
 1.83384E+05     7 9.81537E-02   348 2.51676E-03   4.1918   1.0137  64.37
 1.84563E+05     6 7.55028E-02   114 2.51676E-03   3.8285   1.0171  27.14
 1.86175E+05     9 9.06034E-02   462 2.51676E-03   4.0264   1.0021  54.68
 1.86590E+05     7 1.00670E-01   505 2.51676E-03   4.2428   1.0167  28.13
 1.86613E+05     7 1.03187E-01   138 2.51676E-03   4.2775   1.0160  40.46
 1.89589E+05     9 9.31202E-02   407 2.51676E-03   4.0804   1.0056  51.63
 1.90046E+05     7 1.05704E-01   508 2.51676E-03   4.2584   1.0028  18.56
 1.90102E+05     6 7.80196E-02   152 2.51676E-03   3.9600   1.0398  48.36
 1.90314E+05     6 8.05364E-02   352 2.51676E-03   3.8731   1.0054  59.07
 1.90546E+05     7 1.08221E-01   227 2.51676E-03   4.3536   1.0165  27.17
 1.90916E+05    14 5.28520E-02   568 2.51676E-03   8.2979   2.5034  30.54
 1.91151E+05     6 8.30531E-02   424 2.51676E-03   4.0321   1.0352  47.89
 1.93032E+05    13 5.78855E-02   388 2.51676E-03  14.6752   4.2865  19.50
 1.94171E+05     6 8.55699E-02   392 2.51676E-03   4.0195   1.0210  28.16
 1.95407E+05     7 1.10737E-01   395 2.51676E-03   4.5048   1.0432  45.22
 1.95610E+05     6 8.80866E-02   298 2.51676E-03   4.0105   1.0082  49.62
 1.96265E+05     6 9.06034E-02   110 2.51676E-03   4.0807   1.0155  60.51
 1.98503E+05     6 9.31202E-02   496 2.51676E-03   4.1123   1.0134  27.79
 1.98554E+05     7 1.13254E-01   411 2.51676E-03   4.4525   1.0228  56.50
 2.00325E+05    14 5.53688E-02   642 2.51676E-03   8.8298   2.6202  28.70
 2.10440E+05     7 1.15771E-01   457 2.51676E-03   4.5234   1.0309  77.61
 2.11646E+05     5 7.04693E-02   474 2.51676E-03   3.9364   1.0719  15.32
 2.12160E+05     6 9.56369E-02   476 2.51676E-03   4.1167   1.0048  40.83
 2.13042E+05     6 9.81537E-02   490 2.51676E-03   4.1500   1.0036  58.25
 2.16887E+05     4 7.04693E-02    42 2.51676E-03   3.7153   1.0117  74.88
 2.17787E+05     6 1.00670E-01   359 2.51676E-03   4.5193   1.0830  26.62
 2.19461E+05     8 8.05364E-02   558 2.51676E-03   3.9218   1.0181  40.37
 2.20655E+05     5 7.29861E-02   440 2.51676E-03   3.7722   1.0144  39.06
 2.23506E+05     7 1.18288E-01   623 2.51676E-03   4.5813   1.0361  79.20
 2.24823E+05     7 1.20805E-01   400 2.51676E-03   4.6103   1.0348  80.63
 2.30927E+05     8 8.30531E-02   506 2.51676E-03   4.0210   1.0324  39.70
 2.33090E+05     7 1.23321E-01   316 2.51676E-03   5.2177   1.1625  57.70
 2.34056E+05     7 1.25838E-01   377 2.51676E-03   4.5996   1.0174  70.74
 2.34908E+05     9 9.56369E-02   296 2.51676E-03   4.2651   1.0410  31.91
 2.37425E+05     7 1.28355E-01   712 2.51676E-03   4.6191   1.0144  14.95
 2.37822E+05     7 1.30872E-01   313 2.51676E-03   4.8733   1.0628  56.95
 2.41786E+05     9 9.81537E-02   222 2.51676E-03   4.3318   1.0475  65.67
 2.44528E+05     4 7.29861E-02   164 2.51676E-03   4.0312   1.0840  28.41
 2.44723E+05     8 8.55699E-02   237 2.51676E-03   3.9722   1.0090  24.65
 2.46283E+05     7 1.33388E-01   341 2.51676E-03   4.6630   1.0100  35.84
 2.48147E+05     7 1.35905E-01     5 7.55028E-02   4.8081   1.0048  68.10
 2.52073E+05     9 1.00670E-01   536 2.51676E-03   4.3087   1.0325  62.50
 2.53568E+05    14 5.78855E-02    78 2.51676E-03   8.8867   2.5957  31.66
 2.57880E+05     7 2.11408E-01   453 2.51676E-03   5.5269   1.0148  39.73
 2.61359E+05     4 7.55028E-02   550 2.51676E-03   3.8520   1.0233  49.83
 2.62183E+05     4 7.80196E-02   304 2.51676E-03   3.9446   1.0357  12.34
 2.65736E+05     7 2.13925E-01   435 2.51676E-03   5.7960   1.0597  51.32
 2.69363E+05     4 8.05364E-02   414 2.51676E-03   3.9438   1.0238  48.14
 2.74770E+05     4 8.30531E-02   578 2.51676E-03   4.5746   1.1745   5.14
 2.80487E+05     7 2.16441E-01   366 2.51676E-03   5.5670   1.0136  81.27
 2.85860E+05     4 8.55699E-02   619 2.51676E-03   4.1642   1.0578  17.35
 2.92378E+05     6 1.03187E-01   146 2.51676E-03   4.2645   1.0129  54.36
 2.92899E+05     7 2.18958E-01   528 2.51676E-03   5.6370   1.0221  51.68
 2.93335E+05    13 6.04023E-02   491 2.51676E-03  13.1993   3.7974  28.88
 2.99407E+05    10 6.54358E-02   214 2.51676E-03   7.8951   2.2075  40.43
 3.08325E+05     7 2.21475E-01   495 2.51676E-03   5.5720   1.0062  20.61
 3.10914E+05     4 8.80866E-02   233 2.51676E-03   4.1371   1.0400  20.75
 3.13850E+05     7 2.23992E-01   106 2.51676E-03   6.1424   1.1047  86.36
 3.17340E+05     6 1.05704E-01   118 2.51676E-03   4.6633   1.0981  63.15
 3.23343E+05     7 2.26509E-01   245 2.51676E-03   5.7993   1.0388  82.22
 3.23601E+05     6 1.08221E-01   499 2.51676E-03   4.5333   1.0585  31.08
 3.26515E+05    14 6.04023E-02   133 2.51676E-03   5.5501   1.5967  53.92
 3.29281E+05    13 6.29190E-02   299 2.51676E-03   9.2346   2.6184  27.54
 3.30910E+05     4 9.06034E-02   468 2.51676E-03   4.5351   1.1286  48.76
 3.32714E+05     9 1.03187E-01   451 2.51676E-03   4.4315   1.0526  33.95
 3.40755E+05     4 9.31202E-02   270 2.51676E-03   4.2041   1.0360  31.13
 3.41101E+05     7 2.29025E-01   553 2.51676E-03   5.9813   1.0672  72.85
 3.45273E+05     4 9.56369E-02   111 2.51676E-03   4.1735   1.0187   7.31
 3.45359E+05     9 1.05704E-01   291 2.51676E-03   4.4535   1.0487  47.43
 3.51683E+05     4 9.81537E-02    82 2.51676E-03   4.4984   1.0878  27.73
 3.53551E+05     9 1.08221E-01   178 2.51676E-03   4.3857   1.0241  36.27
 3.55696E+05    14 6.29190E-02   612 2.51676E-03   3.5793   1.0149  48.90
 3.58307E+05     7 2.31542E-01   317 2.51676E-03   5.7268   1.0178  47.44
 3.66534E+05     4 1.00670E-01    60 2.51676E-03   4.7440   1.1368  20.84
 3.68721E+05     6 1.10737E-01    83 2.51676E-03   4.3450   1.0062  26.65
 3.72919E+05     9 1.10737E-01   158 2.51676E-03   4.4729   1.0358  70.79
 3.84260E+05    10 6.79526E-02   417 2.51676E-03   3.8708   1.0678  42.95
 3.87587E+05     6 1.13254E-01   272 2.51676E-03   4.7158   1.0833  55.42
 3.91625E+05     8 8.80866E-02   634 2.51676E-03   5.2362   1.3164  55.17
 4.09493E+05     7 2.34059E-01   475 2.51676E-03   6.3064   1.1165  27.45
 4.10144E+05     9 1.13254E-01   423 2.51676E-03   4.4519   1.0227  53.93
 4.11662E+05     4 1.03187E-01   559 2.51676E-03   4.3768   1.0396  57.59
 4.13751E+05     6 1.15771E-01   186 2.51676E-03   5.2760   1.2025  71.03
 4.33783E+05    10 7.04693E-02   683 2.51676E-03   4.8130   1.3106  55.95
 4.36927E+05     7 2.36576E-01   465 2.51676E-03   6.4236   1.1329  81.87
 4.37764E+05     7 2.39092E-01    14 6.54358E-02   5.7114   1.0396  31.22
 4.42865E+05     8 9.06034E-02   324 2.51676E-03   4.3190   1.0749  76.71
 4.48023E+05    10 7.29861E-02   276 2.51676E-03   4.3408   1.1673  63.12
 4.49643E+05     9 1.15771E-01   203 2.51676E-03   4.4189   1.0071  50.69
 4.60086E+05     4 1.05704E-01   150 2.51676E-03   4.4750   1.0538  54.16
 4.68249E+05     9 1.18288E-01   310 2.51676E-03   4.8806   1.1038  41.86
 4.86169E+05     4 1.08221E-01    46 2.51676E-03   4.3958   1.0264  62.56
 5.12937E+05     6 1.18288E-01    77 2.51676E-03   5.3331   1.2061  33.68
 5.15149E+05     7 3.04528E-01   365 2.51676E-03   6.7551   1.0884  79.98
 5.45648E+05    13 6.54358E-02   252 2.51676E-03  15.2695   4.2694  79.44
 5.50581E+05    10 7.55028E-02   302 2.51676E-03   3.8478   1.0222  64.92
 5.51048E+05     6 1.20805E-01   160 2.51676E-03   7.8904   1.7710  42.62
 5.54743E+05     4 1.10737E-01    88 2.51676E-03   4.5958   1.0643  31.87
 5.58671E+05     7 3.07045E-01   181 2.51676E-03   6.9537   1.1172  28.98
 5.60846E+05     7 3.09562E-01   284 2.51676E-03   6.8005   1.0894  52.50
 5.65269E+05     6 1.23321E-01   307 2.51676E-03   5.4752   1.2199  21.00
 5.70324E+05     8 9.31202E-02   470 2.51676E-03   4.6178   1.1380  21.12
 5.77261E+05     9 1.20805E-01   325 2.51676E-03   4.7681   1.0702  43.05
 6.00482E+05     7 3.12078E-01   865 2.40485E-04   6.5199   1.0074  46.95
 6.14033E+05     7 3.12319E-01   809 2.40485E-04   6.5891   1.0179  21.25
 6.15327E+05    13 6.79526E-02   224 2.51676E-03  15.5217   4.2818  31.25
 6.18404E+05     9 1.23321E-01  1062 2.40485E-04   5.0207   1.0761  66.15
 6.19925E+05    10 7.80196E-02   180 2.51676E-03   5.0097   1.3154  77.82
 6.26690E+05     9 1.23562E-01   311 2.51676E-03   4.7762   1.0636  74.84
 6.29165E+05     4 1.13254E-01   371 2.51676E-03   5.6660   1.3016  47.75
 6.30636E+05     7 3.12559E-01  1207 3.87002E-04   9.3975   1.4640  57.21
 6.30977E+05     7 3.12946E-01   448 2.51676E-03   6.8351   1.0911  44.31
 6.37554E+05     6 1.25838E-01   786 2.40485E-04   6.9759   1.4845  70.14
 6.38372E+05     9 1.26079E-01  1029 2.40485E-04   4.9479   1.0525  18.96
 6.39811E+05     7 3.15463E-01   833 2.40485E-04   6.5784   1.0130  44.33
 6.41967E+05     9 1.26319E-01   429 2.51676E-03   5.0281   1.1112  36.22
 6.46463E+05     7 3.15704E-01   156 2.51676E-03   6.8297   1.0869  66.99
 6.50356E+05    13 7.04693E-02   946 2.40485E-04  10.0861   2.6393  64.68
 6.58561E+05    10 8.05364E-02   454 2.51676E-03   4.1097   1.0669  67.60
 6.75163E+05    13 7.07098E-02   552 2.51676E-03   7.9596   2.1657  44.56
 6.79138E+05     4 1.15771E-01   363 2.51676E-03   5.8106   1.3243  80.65
 6.89416E+05     7 3.18220E-01   155 2.51676E-03   6.7467   1.0707  37.08
 6.93430E+05     7 3.20737E-01   644 2.51676E-03  19.7111   3.1192  41.20
 6.98015E+05     4 1.18288E-01    58 2.51676E-03   4.5263   1.0237  34.68
 6.98228E+05     4 1.20805E-01   185 2.51676E-03   8.8449   1.9853  73.40
 7.02300E+05     8 9.56369E-02   300 2.51676E-03   4.2406   1.0351  64.81
 7.28191E+05     6 1.26079E-01   135 2.51676E-03   6.8167   1.5071  18.99
 7.38268E+05     7 3.23254E-01   942 2.40485E-04   7.0748   1.0803   6.96
 7.52607E+05     4 1.23321E-01    97 2.51676E-03   6.8764   1.5320  45.42
 7.52837E+05     9 1.28836E-01  1300 3.87002E-04  12.4557   2.6586  29.61
 7.55347E+05     7 3.23494E-01   269 2.51676E-03   6.8921   1.0874  73.95
 7.71348E+05     9 1.29223E-01   241 2.51676E-03   5.0957   1.1174  61.63
 7.81614E+05     8 9.81537E-02   333 2.51676E-03   5.8789   1.4216  49.86
 7.94357E+05    13 7.32266E-02   551 2.51676E-03  10.7166   2.8795   1.72
 7.99401E+05     7 3.26011E-01   220 2.51676E-03   6.3897   1.0054  32.06
 8.05111E+05     4 1.25838E-01   283 2.51676E-03   4.5966   1.0167  78.79
 8.05753E+05     6 1.28595E-01   309 2.51676E-03   7.5724   1.6623  69.72
 8.15246E+05     6 1.31112E-01   372 2.51676E-03   4.9964   1.0892  36.67
 8.19773E+05     7 3.28528E-01   870 2.40485E-04   6.9592   1.0567  53.92
 8.24472E+05     7 3.28768E-01   824 2.40485E-04   6.6342   1.0072  48.46
 8.40083E+05     4 1.28355E-01   482 2.51676E-03   4.7549   1.0443  63.44
 8.48060E+05     6 1.33629E-01   986 2.40485E-04   6.3977   1.3331  53.47
 8.48079E+05    13 7.57433E-02   864 2.40485E-04   5.4997   1.4031  28.49
 8.62270E+05     7 3.29009E-01   953 2.40485E-04   6.7482   1.0244  74.36
 8.76322E+05     6 1.33869E-01   669 2.51676E-03   6.1308   1.3269  27.77
 8.77814E+05     4 1.30872E-01    70 2.51676E-03   5.4924   1.1979  47.34
 8.96056E+05     7 3.29249E-01   339 2.51676E-03   6.9372   1.0880  48.58
 9.10389E+05     9 1.31740E-01   948 2.40485E-04  14.1434   2.9641  47.22
 9.19158E+05     9 1.31980E-01     8 1.00670E-01   5.0481   1.0264  42.25
 9.55346E+05     9 2.32650E-01   121 2.51676E-03   5.8991   1.0473  77.00
 9.63506E+05    30 5.03352E-02   394 2.51676E-03  20.9973   6.4452  78.52
 9.64152E+05     7 3.31766E-01   692 2.51676E-03   9.0250   1.4116  32.41
 1.02462E+06     9 2.35167E-01   515 2.51676E-03   7.1693   1.2679  59.67
 1.03904E+06     7 3.34283E-01   907 2.40485E-04   7.7665   1.1725  82.72
 1.06091E+06     7 3.34523E-01   869 2.40485E-04   8.0544   1.2158  18.19
 1.06411E+06     4 1.33388E-01   896 2.40485E-04   6.7516   1.4074  21.51
 1.07511E+06    13 7.59838E-02   615 2.51676E-03   4.3707   1.1594  19.26
 1.14793E+06     9 2.37684E-01  1082 2.40485E-04   6.6290   1.1277  48.21
 1.15202E+06     6 1.36386E-01   100 2.51676E-03   6.6633   1.4325  80.14
 1.15599E+06     6 1.38903E-01   126 2.51676E-03   6.5806   1.4055  46.07
 1.16162E+06     6 1.41420E-01   857 2.40485E-04   7.8943   1.6126  62.18
 1.17949E+06     7 3.34764E-01   201 2.51676E-03   7.0669   1.1020  37.62
 1.18844E+06     4 1.33629E-01   925 2.40485E-04   8.1120   1.6903  49.15
 1.21910E+06     7 3.37281E-01   973 2.40485E-04   7.7710   1.1698  17.33
 1.23904E+06     7 3.37521E-01   130 2.51676E-03   7.2919   1.1339  70.70
 1.24514E+06     7 3.40038E-01   802 2.40485E-04   9.0346   1.3563  39.42
 1.28218E+06    10 8.30531E-02   334 2.51676E-03   4.3806   1.1247  57.81
 1.31328E+06     7 3.40278E-01   509 2.51676E-03   9.5033   1.4736  39.30
 1.32732E+06     4 1.33869E-01   489 2.51676E-03   5.8356   1.2630  72.11
 1.34242E+06    10 8.55699E-02   842 2.40485E-04   5.6340   1.3754  37.19
 1.39627E+06    13 7.85006E-02   590 2.51676E-03   7.5559   1.9811  29.64
 1.40310E+06     4 1.36386E-01   832 2.40485E-04  13.0588   2.7022  18.44
 1.49562E+06     6 1.41660E-01   140 2.51676E-03   8.8469   1.8766  33.71
 1.50977E+06     7 3.42795E-01   649 2.51676E-03   7.1193   1.1010  70.48
 1.52818E+06    10 8.58104E-02   455 2.51676E-03   5.9737   1.5164  56.68
 1.62579E+06     7 3.45312E-01   148 2.51676E-03   8.0643   1.2439  24.52
 1.65406E+06     9 2.37925E-01   294 2.51676E-03   6.7587   1.1905  67.45
 1.67313E+06     9 2.40441E-01   504 2.51676E-03   6.4347   1.1291  41.00
 1.69976E+06     9 2.42958E-01   315 2.51676E-03   9.7131   1.6980  55.83
 1.70105E+06     7 3.47829E-01   364 2.51676E-03   8.4135   1.2944   8.30
 1.72500E+06     6 1.44177E-01   675 2.51676E-03   5.2163   1.0995  30.38
 1.72638E+06    13 8.10173E-02   370 2.51676E-03   7.8986   2.0476  32.29
 1.74218E+06     7 3.50345E-01   142 2.51676E-03   7.5031   1.1513  65.80
 1.75454E+06     9 2.45475E-01   850 2.40485E-04   8.4857   1.4275  13.87
 1.77276E+06     7 3.52862E-01   949 2.40485E-04  12.1274   1.7973  40.07
 1.79077E+06     9 2.45715E-01   963 2.40485E-04   7.9914   1.3440  59.58
 1.79539E+06     4 1.36627E-01    71 2.51676E-03   6.8379   1.4694  37.62
 1.82439E+06     6 1.46694E-01   705 2.51676E-03   5.7039   1.1948  25.10
 1.83386E+06     4 1.39143E-01   264 2.51676E-03   7.2935   1.5571  37.30
 1.86454E+06     7 3.53103E-01   173 2.51676E-03  10.1486   1.5531  61.36
 1.88224E+06     9 2.45956E-01    72 2.51676E-03   6.1318   1.0675  53.63
 1.88329E+06     4 1.41660E-01   556 2.51676E-03  10.5797   2.2442  46.54
 1.96599E+06     4 1.44177E-01   175 2.51676E-03   6.6230   1.3960  17.62
 2.00029E+06     7 3.55619E-01   656 2.51676E-03   7.0510   1.0763  40.89
 2.03013E+06     7 3.58136E-01   337 2.51676E-03   6.8468   1.0425  43.74
 2.05005E+06     7 3.60653E-01    50 2.51676E-03   7.3705   1.1194  67.74
 2.06136E+06     9 2.48473E-01   880 2.40485E-04   7.1156   1.1922  84.44
 2.10464E+06     4 1.46694E-01   635 2.51676E-03  11.8715   2.4867  19.94
 2.11467E+06     7 3.63170E-01    62 2.51676E-03  11.2210   1.7000  56.10
 2.11688E+06     7 3.65686E-01   471 2.51676E-03   7.1426   1.0794  28.20
 2.19423E+06     9 2.48713E-01    13 8.35341E-02   5.8391   1.0396  26.03
 2.21457E+06     4 1.49210E-01   247 2.51676E-03  17.6196   3.6683  40.32
 2.23653E+06     7 3.68203E-01   308 2.51676E-03   7.4614   1.1249  47.91
 2.26503E+06     7 3.70720E-01   254 2.51676E-03   7.5237   1.1315  35.35
 2.27284E+06     9 3.32247E-01   210 2.51676E-03   6.4229   1.0043  60.34
 2.28455E+06     9 3.34764E-01   228 2.51676E-03   7.5871   1.1831  66.05
 2.29778E+06     4 1.51727E-01   561 2.51676E-03   8.0486   1.6656  43.07
 2.30429E+06     9 3.37281E-01   547 2.51676E-03  11.8525   1.8433  72.06
 2.32949E+06     6 1.49210E-01    43 2.51676E-03   6.5401   1.3616  22.70
 2.33053E+06     4 1.54244E-01   895 2.40485E-04   9.7252   1.9269  75.36
 2.33901E+06     7 3.73237E-01   323 2.51676E-03   8.0262   1.2041  19.05
 2.34497E+06     9 3.39797E-01   839 2.40485E-04  10.7944   1.6207  41.27
 2.34980E+06     7 3.75753E-01   806 2.40485E-04  10.2948   1.4926  26.26
 2.35062E+06     9 3.40038E-01   374 2.51676E-03   9.8420   1.5263  15.47
 2.37582E+06     7 3.75994E-01   235 2.51676E-03  12.2143   1.8278  81.39
 2.41095E+06    10 8.83271E-02   967 2.40485E-04   6.0691   1.4655  39.39
 2.41268E+06     9 3.42555E-01   331 2.51676E-03   7.1868   1.1116  64.82
 2.41325E+06     7 3.78511E-01   926 2.40485E-04   9.3392   1.3507  16.81
 2.52410E+06     9 3.45071E-01   647 2.51676E-03  10.5469   1.6271  15.47
 2.56928E+06     6 1.51727E-01   329 2.51676E-03   7.9188   1.6388  51.85
 2.59083E+06     9 3.47588E-01   620 2.51676E-03   9.4470   1.4536  49.83
 2.59810E+06     9 3.50105E-01   814 2.40485E-04   9.7740   1.4523  43.07
 2.59999E+06     6 1.54244E-01   232 2.51676E-03   9.9101   2.0387  36.77
 2.63031E+06     9 3.50345E-01   877 2.40485E-04   7.1991   1.0696  31.93
 2.64723E+06     4 1.54484E-01   382 2.51676E-03  10.4562   2.1503  62.78
 2.65716E+06     6 1.56761E-01   887 2.40485E-04   5.7439   1.1316  45.86
 2.70173E+06     7 3.78751E-01   349 2.51676E-03   8.8207   1.3166  27.61
 2.72068E+06     9 3.50586E-01   412 2.51676E-03   7.4860   1.1485  67.51
 2.86168E+06     4 1.57001E-01   153 2.51676E-03   7.2922   1.4910  22.00
 2.94696E+06     9 3.53103E-01   616 2.51676E-03   7.7201   1.1814  20.24
 3.04452E+06     9 3.55619E-01   813 2.40485E-04   9.8738   1.4594  22.86
 3.11206E+06    10 8.85676E-02  1086 2.40485E-04   6.7557   1.6303  46.78
 3.12875E+06     4 1.59518E-01   406 2.51676E-03   6.5705   1.3357  70.96
 3.18834E+06     7 3.81268E-01   257 2.51676E-03   6.7839   1.0102  38.18
 3.19989E+06     7 3.83785E-01   972 2.40485E-04  12.8825   1.8543  49.62
 3.25447E+06     4 1.62035E-01   902 2.40485E-04   9.2464   1.8007  46.63
 3.27101E+06     9 3.55860E-01   789 2.40485E-04  10.7179   1.5840  54.67
 3.27643E+06     9 3.56100E-01   287 2.51676E-03   9.3515   1.4270  37.10
 3.27791E+06     7 3.84025E-01    53 2.51676E-03  13.2328   1.9656  69.98
 3.28362E+06     9 3.58617E-01   588 2.51676E-03   6.5605   0.9986  66.73
 3.31157E+06     6 1.57001E-01  1016 2.40485E-04  17.6182   3.4697  32.77
 3.32984E+06     9 3.61134E-01   321 2.51676E-03   8.3159   1.2626  71.69
 3.33099E+06     9 3.63651E-01   258 2.51676E-03   9.3245   1.4123  59.06
 3.36051E+06     9 3.66167E-01   259 2.51676E-03   8.5653   1.2941  56.76
 3.40637E+06     7 3.86542E-01   589 2.51676E-03   7.1360   1.0575  14.75
 3.47490E+06     7 3.89059E-01   442 2.51676E-03   7.4365   1.0995  53.05
 3.54128E+06    10 8.88081E-02  1061 2.40485E-04  18.4928   4.4601  19.91
 3.55541E+06     6 1.57242E-01   397 2.51676E-03   6.6687   1.3630   3.49
 3.56611E+06     7 3.91576E-01   535 2.51676E-03   9.8427   1.4519  24.47
 3.62208E+06     4 1.62275E-01  1057 2.40485E-04  12.4502   2.4239  23.32
 3.71650E+06     4 1.62516E-01   502 2.51676E-03   6.6796   1.3494  13.82
 3.75325E+06     7 3.94092E-01   297 2.51676E-03   7.3764   1.0856   7.41
 3.77819E+06     9 3.68684E-01   113 2.51676E-03   8.2683   1.2461  28.38
 3.80668E+06     9 3.71201E-01   391 2.51676E-03   9.4137   1.4153  75.35
 3.91182E+06    10 8.90486E-02   353 2.51676E-03   4.5867   1.1502  20.22
 4.02159E+06     4 1.65032E-01   404 2.51676E-03  13.3128   2.6745  43.62
 4.03693E+06     7 3.96609E-01   483 2.51676E-03   8.9729   1.3176  51.64
 4.12150E+06     7 3.99126E-01   841 2.40485E-04  13.5049   1.9175  64.54
 4.12891E+06    10 9.15653E-02   962 2.40485E-04  15.2867   3.6481  56.64
 4.13100E+06     7 3.99366E-01   524 2.51676E-03   8.3888   1.2289  24.54
 4.13760E+06     9 3.73718E-01   200 2.51676E-03   6.7244   1.0085  69.99
 4.16586E+06     7 4.01883E-01   912 2.40485E-04   8.6407   1.2240  61.93
 4.19096E+06     6 1.59758E-01   380 2.51676E-03   5.1180   1.0401  36.35
 4.21414E+06     6 1.62275E-01   945 2.40485E-04   8.5275   1.6602  55.77
 4.21425E+06     6 1.62516E-01  1274 3.87002E-04   8.1005   1.5927  34.48
 4.35213E+06     7 4.02124E-01   342 2.51676E-03  10.2898   1.5038  49.90
 4.38658E+06     6 1.62903E-01   157 2.51676E-03   7.1696   1.4476  25.98
 4.38837E+06     4 1.67549E-01   527 2.51676E-03   8.0289   1.6042  28.78
 4.39133E+06     9 3.76234E-01   367 2.51676E-03  12.7957   1.9145  56.88
 4.42635E+06     9 3.78751E-01   280 2.51676E-03   7.3944   1.1037  31.37
 4.54990E+06     9 3.81268E-01   576 2.51676E-03   7.5172   1.1194  48.94
 4.55193E+06     7 4.04640E-01   610 2.51676E-03   6.9819   1.0181  64.73
 4.56157E+06     4 1.70066E-01   279 2.51676E-03  12.9258   2.5689  53.02
 4.58121E+06     9 3.83785E-01   596 2.51676E-03   8.7719   1.3032  35.30
 4.73734E+06     4 1.72583E-01   993 2.40485E-04  14.7118   2.8029  60.33
 4.80188E+06     4 1.72823E-01   319 2.51676E-03  10.4025   2.0558  75.31
 4.86481E+06     4 1.75340E-01  1006 2.40485E-04  11.2046   2.1232  65.58
 4.89157E+06     7 4.07157E-01   199 2.51676E-03  15.1254   2.2006  59.22
 4.94358E+06     7 4.09674E-01    10 9.18058E-02   7.0224   1.0777  28.41
 4.95068E+06     7 5.01480E-01   836 2.40485E-04   9.4065   1.2337  77.42
 5.09909E+06     6 1.65419E-01   597 2.51676E-03   8.3024   1.6671  48.74
 5.19634E+06     6 1.67936E-01   828 2.40485E-04  15.2252   2.9299  69.91
 5.23340E+06     4 1.75580E-01   827 2.40485E-04  14.0545   2.6625  23.53
 5.26102E+06     4 1.75821E-01   190 2.51676E-03   7.3686   1.4478  50.12
 5.43013E+06     7 5.01720E-01    75 2.51676E-03  14.2845   1.9298  42.57
 5.43620E+06     7 5.04237E-01    98 2.51676E-03  12.9753   1.7498  45.30
 5.46418E+06     7 5.06754E-01   306 2.51676E-03  14.4640   1.9471  72.80
 5.65459E+06     4 1.78338E-01   774 2.40485E-04  11.7226   2.2089  38.57
 5.73425E+06     7 5.09270E-01   396 2.51676E-03   9.5096   1.2779  35.19
 5.86203E+06     7 5.11787E-01  1105 3.87002E-04  23.8260   3.1261  71.59
 5.91882E+06     9 3.86302E-01   101 2.51676E-03  10.1408   1.5030  43.89
 5.94288E+06     7 5.12174E-01   825 2.40485E-04  13.5802   1.7683  16.04
 6.11161E+06     4 1.78578E-01   450 2.51676E-03   7.1042   1.3883  56.75
 6.13437E+06     7 5.12415E-01   563 2.51676E-03   9.2283   1.2376  86.36
 6.13915E+06     9 3.88818E-01   934 2.40485E-04  14.6630   2.1009  75.11
 6.14172E+06     7 5.14931E-01   436 2.51676E-03   9.0073   1.2058  57.13
 6.15583E+06     7 5.17448E-01   182 2.51676E-03   8.7157   1.1647  36.70
 6.19842E+06     9 3.89059E-01  1055 2.40485E-04  12.0797   1.7306  73.75
 6.21045E+06     9 3.89299E-01   327 2.51676E-03   9.9778   1.4750   6.86
 6.22228E+06     4 1.81095E-01   420 2.51676E-03  10.7662   2.0933  61.95
 6.26976E+06     4 1.83612E-01   484 2.51676E-03  12.9456   2.5045  69.28
 6.31040E+06     9 3.91816E-01  1064 2.40485E-04   7.4728   1.0680  12.83
 6.34903E+06     4 1.86128E-01   189 2.51676E-03  12.7691   2.4583  64.85
 6.36899E+06     4 1.88645E-01   467 2.51676E-03  13.6187   2.6092  17.98
 6.54197E+06     6 1.68177E-01   267 2.51676E-03  11.3508   2.2660  78.25
 6.58145E+06     7 5.19965E-01   805 2.40485E-04   9.0536   1.1728  19.03
 6.82758E+06     9 3.92056E-01     6 1.70693E-01   6.7822   1.0200  44.59
 6.83015E+06     9 5.62750E-01   540 2.51676E-03   9.0867   1.1785  47.30
 6.91557E+06     9 5.65267E-01   560 2.51676E-03  11.3910   1.4751  60.35
 6.99972E+06     7 5.20205E-01   938 2.40485E-04  13.2038   1.7102  53.63
 7.01943E+06     4 1.91162E-01   521 2.51676E-03  14.2533   2.7178  59.02
 7.03506E+06     7 5.20446E-01   172 2.51676E-03  23.5790   3.1450  23.25
 7.09375E+06     7 5.22963E-01   614 2.51676E-03   9.9801   1.3289  81.24
 7.09483E+06     7 5.25479E-01   639 2.51676E-03  13.6254   1.8111  49.08
 7.11287E+06     4 1.93679E-01   930 2.40485E-04  17.4894   3.2011  40.12
 7.16608E+06     7 5.27996E-01   546 2.51676E-03  10.8390   1.4383  62.16
 7.24008E+06     9 5.67783E-01   195 2.51676E-03   8.5088   1.1001  57.64
 7.29062E+06     9 5.70300E-01   541 2.51676E-03  11.2370   1.4505  65.47
 7.34854E+06     9 5.72817E-01   530 2.51676E-03   9.1278   1.1764  11.30
 7.46905E+06     7 5.30513E-01   458 2.51676E-03   9.1393   1.2107  26.48
 7.73336E+06     7 5.33030E-01   354 2.51676E-03   8.0825   1.0689  67.99
 7.73643E+06     7 5.35546E-01  1027 2.40485E-04  13.7525   1.7634  76.10
 7.77065E+06     9 5.75334E-01   460 2.51676E-03  10.6929   1.3760  45.88
 7.82284E+06     7 5.35787E-01   780 2.40485E-04   8.4168   1.0791  50.67
 7.92782E+06     7 5.36027E-01   771 2.40485E-04  10.7921   1.3836  11.37
 7.93140E+06     7 5.36268E-01   443 2.51676E-03  10.0201   1.3225  25.28
 7.97268E+06     4 1.93919E-01   338 2.51676E-03   8.1315   1.5428  26.50
 8.17223E+06     7 5.38785E-01   607 2.51676E-03  15.8206   2.0846  19.93
 8.20127E+06     7 5.41301E-01   567 2.51676E-03   9.8792   1.2996  70.13
 8.33071E+06     9 5.77850E-01   389 2.51676E-03   8.4724   1.0886  65.72
 8.33983E+06     7 5.43818E-01   858 2.40485E-04  10.5127   1.3410  61.78
 8.51835E+06     7 5.44059E-01   346 2.51676E-03  15.5151   2.0374  58.29
 8.55337E+06     7 5.46575E-01   408 2.51676E-03  10.4713   1.3728  37.23
 8.70655E+06     7 5.49092E-01  1076 2.40485E-04  11.8073   1.5012  32.26
 8.73679E+06     7 5.49333E-01   124 2.51676E-03  13.3740   1.7503  13.46
 8.81427E+06     7 5.51849E-01  1221 3.87002E-04  20.4699   2.6171  61.99
 8.85211E+06     9 5.80367E-01   250 2.51676E-03  10.4711   1.3433  40.28
 8.88110E+06     4 1.96436E-01   274 2.51676E-03  22.7970   4.3052   1.89
 8.89449E+06     4 1.98953E-01  1413 3.87002E-04  31.0491   5.6847  74.40
 9.07677E+06     4 1.99340E-01    65 2.51676E-03   7.0876   1.3318  36.80
 9.10708E+06     4 2.01856E-01   574 2.51676E-03   6.3100   1.1803  22.99
 9.11353E+06     9 5.82884E-01   650 2.51676E-03  12.1609   1.5576  21.20
 9.13608E+06     7 5.52236E-01   586 2.51676E-03  11.3300   1.4802   6.08
 9.31650E+06     9 5.85401E-01   320 2.51676E-03  12.6932   1.6233  17.76
 9.34238E+06     9 5.87917E-01   246 2.51676E-03   8.9805   1.1468  23.43
 9.40353E+06     7 5.54753E-01   452 2.51676E-03  17.4166   2.2717  33.03
 9.56423E+06     7 5.57270E-01   819 2.40485E-04  12.0986   1.5306  16.01
 9.58410E+06     4 2.04373E-01   292 2.51676E-03   9.1168   1.6977  31.14
 9.75107E+06    30 5.28520E-02   488 2.51676E-03   8.8220   2.6615  56.32
 9.98159E+06     7 5.57510E-01   844 2.40485E-04  13.7857   1.7439  12.05
 9.99232E+06     9 5.90434E-01   314 2.51676E-03   9.6091   1.2252  80.13
 1.01343E+07     4 2.06890E-01   891 2.40485E-04  18.1372   3.2445  56.99
 1.01779E+07     9 5.92951E-01  1043 2.40485E-04  10.2181   1.2643  23.99
 1.02832E+07     7 5.57751E-01  1019 2.40485E-04  12.4069   1.5693  53.47
 1.03457E+07     4 2.07130E-01   543 2.51676E-03   8.6557   1.6043  27.79
 1.03793E+07     9 5.93191E-01  1040 2.40485E-04  13.9307   1.7235  53.53
 1.07667E+07     4 2.09647E-01    94 2.51676E-03   7.2762   1.3428   7.70
 1.10244E+07     9 5.93432E-01   952 2.40485E-04  12.5892   1.5574  58.16
 1.10517E+07     9 5.93672E-01   863 2.40485E-04  10.5279   1.3023  39.10
 1.11571E+07     7 5.57991E-01   512 2.51676E-03  13.2750   1.7282  32.63
 1.12588E+07     7 5.60508E-01    67 2.51676E-03  18.4440   2.3972  51.37
 1.13929E+07     9 5.93913E-01   345 2.51676E-03  13.3890   1.7039  22.79
 1.15097E+07     7 5.63025E-01   328 2.51676E-03  17.7590   2.3045  56.41
 1.15711E+07     7 5.65542E-01    52 2.51676E-03  10.3482   1.3407  71.96
 1.16986E+07     7 5.68058E-01   529 2.51676E-03  10.6203   1.3738  80.25
 1.17081E+07     4 2.12164E-01   539 2.51676E-03  10.6015   1.9481  16.56
 1.19298E+07     9 5.96430E-01   603 2.51676E-03  14.8813   1.8910  42.73
 1.19869E+07     9 5.98946E-01  1004 2.40485E-04  19.6826   2.4273  37.84
 1.20288E+07     4 2.14681E-01   796 2.40485E-04  19.8395   3.5034  30.08
 1.21006E+07     7 5.70575E-01   166 2.51676E-03  11.0222   1.4235  16.79
 1.22024E+07     7 5.73092E-01   959 2.40485E-04  14.0551   1.7611  79.66
 1.24031E+07     4 2.14921E-01   487 2.51676E-03  10.0827   1.8444  38.38
 1.26727E+07     9 5.99187E-01   816 2.40485E-04   9.6256   1.1870  22.19
 1.27097E+07     9 5.99427E-01   900 2.40485E-04  14.4875   1.7864  75.73
 1.29681E+07     7 5.73332E-01   630 2.51676E-03  14.0793   1.8153   9.97
 1.30627E+07     7 5.75849E-01   271 2.51676E-03  11.6516   1.5000  36.08
 1.30633E+07     7 5.78366E-01  1049 2.40485E-04  25.8308   3.2264  64.30
 1.31997E+07     7 5.78607E-01   480 2.51676E-03  12.2263   1.5714  34.88
 1.32089E+07     4 2.17438E-01   282 2.51676E-03  11.8721   2.1626  20.53
 1.32562E+07     7 5.81123E-01    64 2.51676E-03  10.4493   1.3409  17.12
 1.33011E+07     7 5.83640E-01   861 2.40485E-04  10.7184   1.3346  44.28
 1.33189E+07     4 2.19955E-01   557 2.51676E-03  22.6904   4.1162  73.29
 1.33282E+07     7 5.83881E-01   456 2.51676E-03  16.8913   2.1641  60.39
 1.33340E+07     9 5.99668E-01  1306 3.87002E-04   9.7822   1.2147  29.95
 1.36660E+07     7 5.86397E-01   526 2.51676E-03  10.7678   1.3774  54.53
 1.37756E+07     9 6.00055E-01   788 2.40485E-04  10.0467   1.2385  33.63
 1.40441E+07     9 6.00295E-01   785 2.40485E-04  12.2969   1.5158  42.17
 1.42431E+07     4 2.22472E-01  1028 2.40485E-04  21.1701   3.6920  69.80
 1.42934E+07     7 5.88914E-01    87 2.51676E-03  16.1012   2.0565  43.79
 1.45238E+07     9 6.00536E-01   572 2.51676E-03   8.8376   1.1207  17.35
 1.48732E+07     7 5.91431E-01   783 2.40485E-04  21.4286   2.6560  29.72
 1.51753E+07     7 5.91671E-01   492 2.51676E-03  11.2169   1.4304  14.90
 1.51759E+07     7 5.94188E-01   413 2.51676E-03  19.9194   2.5363  25.41
 1.53903E+07     9 6.03053E-01   689 2.51676E-03   9.4111   1.1916  17.42
 1.54776E+07     7 5.96705E-01   845 2.40485E-04  12.7227   1.5722  41.58
 1.54794E+07     4 2.22712E-01   295 2.51676E-03  12.7565   2.3041  34.23
 1.55884E+07     7 5.96945E-01   426 2.51676E-03  17.0313   2.1651  51.00
 1.57750E+07     7 5.99462E-01   640 2.51676E-03  11.2523   1.4283  83.74
 1.57914E+07     9 6.05569E-01  1218 3.87002E-04  13.3054   1.6468  35.68
 1.60743E+07     7 6.01979E-01   968 2.40485E-04   9.8575   1.2144  72.85
 1.62962E+07     4 2.25229E-01   544 2.51676E-03  13.8790   2.4967  27.47
 1.66650E+07     4 2.27746E-01   402 2.51676E-03  12.6244   2.2619  70.74
 1.66999E+07     7 6.02219E-01   421 2.51676E-03  18.1429   2.2993  51.66
 1.68314E+07     9 6.05956E-01   240 2.51676E-03  19.4564   2.4596  39.85
 1.69097E+07     7 6.04736E-01   517 2.51676E-03   9.5680   1.2108  61.49
 1.70710E+07     7 6.07253E-01   151 2.51676E-03  12.3637   1.5622  36.77
 1.70955E+07     7 6.09770E-01   971 2.40485E-04  24.7495   3.0356  30.12
 1.71382E+07     7 6.10010E-01   835 2.40485E-04  13.2009   1.6190  13.35
 1.71622E+07     9 6.08473E-01   970 2.40485E-04   8.2666   1.0144  53.70
 1.71925E+07     7 6.10251E-01   790 2.40485E-04  11.7760   1.4441  59.46
 1.72465E+07     4 2.30262E-01   260 2.51676E-03  16.2841   2.9061  75.42
 1.72836E+07     9 6.08714E-01   253 2.51676E-03  16.0251   2.0226  54.83
 1.75520E+07     4 2.32779E-01   262 2.51676E-03  19.3563   3.4409  29.92
 1.76454E+07     9 6.11230E-01   734 2.51676E-03  14.1310   1.7809  11.80
 1.79707E+07     7 6.10491E-01   117 2.51676E-03  12.0728   1.5228  19.24
 1.80086E+07     9 6.13747E-01   894 2.40485E-04  19.4544   2.3801  44.89
 1.80646E+07     9 6.13988E-01   702 2.51676E-03  13.2144   1.6629  20.84
 1.83145E+07     7 6.13008E-01   776 2.40485E-04  11.8727   1.4538  51.97
 1.83166E+07     9 6.16504E-01   132 2.51676E-03  12.6044   1.5838   5.50
 1.85426E+07     9 6.19021E-01   261 2.51676E-03  18.0728   2.2676  48.94
 1.86217E+07     4 2.35296E-01   268 2.51676E-03  16.0833   2.8480  32.97
 1.86288E+07     7 6.13248E-01   868 2.40485E-04  24.8305   3.0402  50.20
 1.88335E+07     7 6.13489E-01    68 2.51676E-03  20.8578   2.6266  63.98
 1.88513E+07    30 5.53688E-02   931 2.40485E-04  11.0747   3.1599  33.97
 1.89462E+07     7 6.16006E-01   131 2.51676E-03  19.1197   2.4042  57.95
 1.92461E+07     9 6.21538E-01   979 2.40485E-04  16.8991   2.0585  39.18
 1.92682E+07     7 6.18522E-01  1000 2.40485E-04  17.5576   2.1434  25.31
 1.93996E+07     7 6.18763E-01   485 2.51676E-03  14.2890   1.7940  43.98
 1.94045E+07     4 2.37813E-01   738 2.51676E-03  29.3849   5.1836  52.54
 1.95726E+07     7 6.21280E-01  1242 3.87002E-04  21.7595   2.6710  65.59
 1.96260E+07     9 6.21778E-01   399 2.51676E-03  14.4843   1.8146  29.05
 1.98064E+07     7 6.21667E-01   266 2.51676E-03  18.1115   2.2704  42.69
 1.98160E+07     4 2.40329E-01   768 2.40485E-04  25.4809   4.3247  75.22
 2.00566E+07     7 6.24183E-01   326 2.51676E-03  21.9814   2.7515  52.75
 2.01003E+07     9 6.24295E-01  1311 3.87002E-04  34.9392   4.2796  76.87
 2.02263E+07     9 6.24682E-01    93 2.51676E-03  11.5980   1.4507  38.43
 2.07307E+07     7 6.26700E-01  1144 3.87002E-04  20.9185   2.5602  44.18
 2.09453E+07     4 2.40570E-01   375 2.51676E-03   9.9074   1.7407  29.85
 2.09929E+07     7 6.27087E-01  1412 3.87002E-04  26.9278   3.2953  43.70
 2.10195E+07     9 6.27199E-01   463 2.51676E-03  10.1717   1.2705  46.82
 2.13659E+07    30 5.56092E-02   248 2.51676E-03  11.4693   3.4000  38.09
 2.18432E+07     4 2.43087E-01   916 2.40485E-04  13.6533   2.3083  48.01
 2.18792E+07     9 6.29716E-01   196 2.51676E-03  14.3495   1.7897  29.88
 2.19469E+07     4 2.43327E-01   571 2.51676E-03  15.5151   2.7151  16.23
 2.19872E+07     9 6.32232E-01   229 2.51676E-03   9.1448   1.1390  39.80
 2.20776E+07     4 2.45844E-01   848 2.40485E-04  28.1982   4.7490  25.15
 2.23087E+07     9 6.34749E-01   792 2.40485E-04  15.8271   1.9141  46.16
 2.24252E+07     9 6.34990E-01   441 2.51676E-03   9.8068   1.2196  40.00
 2.24883E+07     9 6.37506E-01   899 2.40485E-04  22.4008   2.7052  49.05
 2.25924E+07     9 6.37747E-01   428 2.51676E-03  10.7227   1.3315  82.56
 2.26061E+07     4 2.46084E-01   666 2.51676E-03  18.9895   3.3101  64.98
 2.26853E+07     7 6.27474E-01   288 2.51676E-03  19.5741   2.4460  23.50
 2.27420E+07     7 6.29991E-01   886 2.40485E-04  18.0357   2.1884  44.66
 2.28526E+07     4 2.48601E-01  1474 3.87002E-04  19.6951   3.3345  73.09
 2.29080E+07     7 6.30231E-01  1051 2.40485E-04  10.7938   1.3096  31.76
 2.30506E+07     7 6.30472E-01   873 2.40485E-04  20.1532   2.4450  42.50
 2.31851E+07     4 2.48988E-01  1089 2.40485E-04  21.1319   3.5443  58.24
 2.31877E+07     7 6.30712E-01   145 2.51676E-03  16.7700   2.0921  42.12
 2.34948E+07     4 2.49229E-01   862 2.40485E-04   8.9647   1.5033  12.28
 2.36230E+07     7 6.33229E-01   513 2.51676E-03  19.7856   2.4648  46.86
 2.40285E+07     7 6.35746E-01    41 2.51676E-03  19.7310   2.4545  26.51
 2.41810E+07     7 6.38263E-01  1072 2.40485E-04  12.2248   1.4768  73.00
 2.42377E+07     4 2.49469E-01   369 2.51676E-03  11.0221   1.9127  67.92
 2.43183E+07    30 5.81260E-02  1204 3.87002E-04  22.9887   6.5336  61.52
 2.43937E+07     7 6.38503E-01   486 2.51676E-03  23.1790   2.8791  27.33
 2.44200E+07     4 2.51986E-01    89 2.51676E-03  17.0608   2.9500  28.72
 2.44837E+07     7 6.41020E-01   234 2.51676E-03  15.9780   1.9819  72.23
 2.45562E+07     9 6.40264E-01   244 2.51676E-03  13.8511   1.7176  34.28
 2.46843E+07     7 6.43537E-01   531 2.51676E-03  14.1699   1.7552  65.02
 2.51582E+07     7 6.46053E-01   866 2.40485E-04  16.3911   1.9718  42.31
 2.52964E+07     7 6.46294E-01    69 2.51676E-03  17.3919   2.1511  76.21
 2.53053E+07     7 6.48811E-01  1475 3.87002E-04  21.9111   2.6503  23.86
 2.53347E+07     4 2.54503E-01   373 2.51676E-03  18.5403   3.1943  44.71
 2.60499E+07     4 2.57019E-01   579 2.51676E-03  14.0083   2.4050  27.07
 2.61250E+07     4 2.59536E-01   221 2.51676E-03  21.1974   3.6265  41.90
 2.65179E+07     9 6.42781E-01   205 2.51676E-03  11.8219   1.4639  69.03
 2.65679E+07     4 2.62053E-01   273 2.51676E-03  19.7196   3.3619   2.30
 2.67942E+07     4 2.64570E-01   332 2.51676E-03  20.2666   3.4433  47.81
 2.70944E+07     7 6.49198E-01   564 2.51676E-03  10.1684   1.2557  71.26
 2.71098E+07     7 6.51714E-01   793 2.40485E-04  20.8857   2.5052  32.89
 2.71595E+07     9 6.45297E-01   818 2.40485E-04  16.9813   2.0421  77.21
 2.74073E+07     7 6.51955E-01   966 2.40485E-04  15.2270   1.8263  37.45
 2.76385E+07     7 6.52195E-01    74 2.51676E-03  14.0712   1.7350  51.57
 2.83076E+07     9 6.45538E-01   163 2.51676E-03  11.8602   1.4665  16.25
 2.88165E+07     4 2.67086E-01   956 2.40485E-04  14.2105   2.3256  30.71
 2.88378E+07     7 6.54712E-01   604 2.51676E-03  20.1480   2.4809  44.79
 2.89872E+07     9 6.48055E-01   409 2.51676E-03  13.9433   1.7216  22.11
 2.89921E+07     4 2.67327E-01   188 2.51676E-03  15.8421   2.6819  45.85
 2.92871E+07     4 2.69844E-01   107 2.51676E-03  13.1796   2.2236  84.13
 2.95089E+07     7 6.57229E-01  1176 3.87002E-04  16.8358   2.0276  44.33
 2.97104E+07     4 2.72360E-01   278 2.51676E-03  25.2538   4.2465   1.62
 2.97242E+07     4 2.74877E-01   872 2.40485E-04  25.7535   4.1725  51.35
 3.02033E+07     9 6.50571E-01    90 2.51676E-03  10.8093   1.3328  68.96
 3.04244E+07     7 6.57616E-01  1031 2.40485E-04  13.1528   1.5730  47.10
 3.04966E+07     7 6.57856E-01   301 2.51676E-03  16.5666   2.0367  67.96
 3.10355E+07     4 2.75118E-01  1265 3.87002E-04  13.9578   2.2810  42.77
 3.17644E+07     7 6.60373E-01  1053 2.40485E-04  21.8943   2.6147  28.38
 3.21122E+07     7 6.60614E-01   784 2.40485E-04  28.9397   3.4559  80.35
 3.24201E+07     7 6.60854E-01   800 2.40485E-04  20.1629   2.4076  16.41
 3.24377E+07     7 6.61095E-01   700 2.51676E-03  22.0180   2.7026  77.61
 3.25781E+07     4 2.75505E-01  1001 2.40485E-04  10.3917   1.6828  20.46
 3.28122E+07     7 6.63611E-01   183 2.51676E-03  15.5093   1.9011  57.71
 3.31966E+07     7 6.66128E-01   831 2.40485E-04  23.7536   2.8286  35.94
 3.32280E+07     4 2.75745E-01   231 2.51676E-03  13.8340   2.3169  81.17
 3.41842E+07     7 6.66369E-01    59 2.51676E-03   9.2717   1.1349  35.59
 3.43227E+07     9 6.53088E-01   947 2.40485E-04  14.2618   1.7080  61.00
 3.47464E+07     4 2.78262E-01  1052 2.40485E-04  33.0927   5.3409  40.96
 3.57469E+07     7 6.68885E-01  1074 2.40485E-04  24.5200   2.9158  60.58
 3.64307E+07     9 6.53329E-01   256 2.51676E-03  16.3664   2.0151  20.30
 3.69835E+07     4 2.78502E-01   855 2.40485E-04  34.0560   5.4953  46.22
 3.70035E+07     7 6.69126E-01   772 2.40485E-04  25.1928   2.9956  65.60
 3.72811E+07     7 6.69366E-01  1128 3.87002E-04  10.2472   1.2267  78.27
 3.75581E+07     9 6.55845E-01   167 2.51676E-03  12.4626   1.5324  46.33
 3.75961E+07     4 2.78743E-01   493 2.51676E-03  19.4146   3.2396  67.20
 3.84479E+07     4 2.81260E-01    95 2.51676E-03  25.2826   4.2051  48.11
 3.84649E+07     4 2.83776E-01   756 2.51676E-03  21.2015   3.5150  49.42
 3.85599E+07     7 6.69753E-01   687 2.51676E-03  10.8469   1.3255  33.93
 3.86362E+07     9 6.58362E-01   303 2.51676E-03  10.8857   1.3366  37.76
 3.91011E+07     9 6.60879E-01   988 2.40485E-04  20.6121   2.4585  26.26
 3.92383E+07     4 2.86293E-01   207 2.51676E-03  17.5689   2.9035  60.12
 3.92603E+07     9 6.61119E-01   223 2.51676E-03  11.7060   1.4353  60.18
 3.96642E+07     7 6.72270E-01   206 2.51676E-03  11.6158   1.4176  53.88
 4.00906E+07     9 6.63636E-01  1171 3.87002E-04  18.6097   2.2318  34.65
 4.11948E+07     7 6.74787E-01   230 2.51676E-03  17.5120   2.1343  40.52
 4.16094E+07     9 6.64023E-01   826 2.40485E-04  15.2067   1.8110  59.23
 4.18528E+07     7 6.77304E-01   897 2.40485E-04  21.2575   2.5173  28.58
 4.23089E+07     9 6.64264E-01   876 2.40485E-04  13.7318   1.6352  27.20
 4.28234E+07     4 2.88810E-01   797 2.40485E-04  27.9004   4.4450  59.95
 4.30516E+07     7 6.77544E-01   980 2.40485E-04  14.5943   1.7281  57.93
 4.34511E+07     4 2.89050E-01   725 2.51676E-03  28.7346   4.7329  38.39
 4.35391E+07     9 6.64504E-01  1120 3.87002E-04  13.1354   1.5749  77.42
 4.39844E+07     4 2.91567E-01   165 2.51676E-03  16.8395   2.7650   6.31
 4.42583E+07     9 6.64891E-01   849 2.40485E-04  16.1179   1.9190  54.20
 4.50939E+07     4 2.94084E-01   239 2.51676E-03  21.8387   3.5748  55.54
 4.51030E+07     4 2.96601E-01   703 2.51676E-03  26.9786   4.4026  76.95
 4.59594E+07     7 6.77785E-01   322 2.51676E-03  14.3710   1.7489  41.65
 4.59982E+07     7 6.80301E-01   249 2.51676E-03  23.8198   2.8949  58.52
 4.64641E+07     9 6.65132E-01   977 2.40485E-04  22.1249   2.6340  48.15
 4.76102E+07     4 2.99117E-01   519 2.51676E-03  16.0515   2.6115  32.25
 4.78904E+07     7 6.82818E-01   875 2.40485E-04  22.7883   2.6912  50.92
 4.82371E+07     4 3.01634E-01   226 2.51676E-03  14.6744   2.3802  52.86
 4.91155E+07     7 6.83059E-01    86 2.51676E-03   9.3592   1.1359  39.17
 4.92618E+07     9 6.65372E-01  1192 3.87002E-04  16.6441   1.9950  55.82
 4.94593E+07     7 6.85575E-01   123 2.51676E-03  12.8266   1.5546  49.47
 5.08418E+07     4 3.04151E-01   537 2.51676E-03  26.4813   4.2825  45.14
 5.16087E+07     9 6.65759E-01   144 2.51676E-03  12.8432   1.5715   1.60
 5.22380E+07     7 6.88092E-01   192 2.51676E-03  10.5983   1.2829  36.16
 5.23655E+07     7 6.90609E-01    57 2.51676E-03  15.9807   1.9319  76.80
 5.26827E+07     7 6.93126E-01   893 2.40485E-04  22.8367   2.6829  66.65
 5.28309E+07     4 3.06668E-01   510 2.51676E-03  11.1772   1.8022  40.17
 5.29225E+07     7 6.93366E-01   955 2.40485E-04  16.8966   1.9849  45.65
 5.36751E+07     4 3.09184E-01   213 2.51676E-03  14.2873   2.2969  16.63
 5.36978E+07     4 3.11701E-01   194 2.51676E-03  15.3769   2.4648  70.04
 5.42678E+07     4 3.14218E-01   523 2.51676E-03  15.5274   2.4818  37.26
 5.46528E+07     7 6.93607E-01   944 2.40485E-04  23.9970   2.8188  59.82
 5.49135E+07     9 6.68276E-01   804 2.40485E-04  18.2748   2.1724  20.14
 5.50416E+07     4 3.16735E-01  1151 3.87002E-04  31.5618   4.9089  33.84
 5.50886E+07     9 6.68516E-01   497 2.51676E-03  18.0714   2.2081  65.69
 5.53478E+07     7 6.93847E-01   927 2.40485E-04  17.7900   2.0896  53.24
 5.61012E+07     7 6.94088E-01   920 2.40485E-04  17.4969   2.0550  71.25
 5.63054E+07     7 6.94328E-01   545 2.51676E-03  19.9437   2.4069  25.08
 5.67120E+07     7 6.96845E-01   410 2.51676E-03  20.1689   2.4310  45.08
 5.72956E+07     7 6.99362E-01   874 2.40485E-04  23.2602   2.7248  31.09
 5.73310E+07     7 6.99602E-01  1227 3.87002E-04  31.4979   3.7145  11.83
 5.73579E+07     7 6.99989E-01  1112 3.87002E-04  21.1267   2.4911  28.94
 5.75900E+07    30 5.85130E-02   759 2.51676E-03   8.6898   2.5318  26.14
 5.78784E+07     4 3.17122E-01   878 2.40485E-04  29.1863   4.5000  64.64
 5.97592E+07     7 7.00376E-01   997 2.40485E-04  33.9403   3.9747  42.15
 6.03571E+07     9 6.71033E-01  1148 3.87002E-04  20.0685   2.3986  58.51
 6.22836E+07     7 7.00616E-01   781 2.40485E-04  17.0346   1.9948  82.95
 6.23910E+07     9 6.71420E-01  1367 3.87002E-04  18.8910   2.2576  68.80
 6.29922E+07     7 7.00857E-01  1080 2.40485E-04  25.2023   2.9510  83.42
 6.38293E+07     4 3.17362E-01   777 2.40485E-04  34.8731   5.3759  49.49
 6.54515E+07     9 6.71807E-01    66 2.51676E-03  12.5447   1.5304  37.19
 6.56090E+07     4 3.17603E-01  1126 3.87002E-04  14.9019   2.3164  33.27
 6.58517E+07     7 7.01097E-01  1065 2.40485E-04  18.9886   2.2233  34.66
 6.62609E+07     9 6.74324E-01   518 2.51676E-03  20.2961   2.4727  18.27
 6.65630E+07     7 7.01338E-01   335 2.51676E-03  14.8584   1.7875  54.20
 6.67222E+07     4 3.17990E-01   393 2.51676E-03  10.9245   1.7395  52.45
 6.68393E+07     9 6.76841E-01   730 2.51676E-03   9.8062   1.1931  36.73
 7.25165E+07     9 6.79357E-01   215 2.51676E-03  14.3002   1.7376  45.67
 7.38651E+07     7 7.03855E-01   822 2.40485E-04  17.5384   2.0507  65.62
 7.41773E+07     4 3.20506E-01   281 2.51676E-03  33.4552   5.3120  82.44
 7.62731E+07     9 6.81874E-01   209 2.51676E-03  20.4885   2.4862  52.28
 7.70761E+07     4 3.23023E-01   265 2.51676E-03  14.2393   2.2545  38.67
 7.71031E+07     9 6.84391E-01   534 2.51676E-03  17.1242   2.0753  21.91
 7.78672E+07     9 6.86908E-01  1015 2.40485E-04  15.3673   1.8096  60.23
 7.79879E+07     7 7.04095E-01   143 2.51676E-03  16.0822   1.9321  49.47
 7.93776E+07     4 3.25540E-01   197 2.51676E-03  24.0487   3.7970  72.57
 7.96524E+07     4 3.28057E-01   871 2.40485E-04  19.0477   2.9030  65.71
 8.03096E+07     7 7.06612E-01   355 2.51676E-03  12.8439   1.5411  43.72
 8.08219E+07     4 3.28297E-01   599 2.51676E-03  24.9677   3.9306  33.81
 8.09058E+07     9 6.87148E-01   688 2.51676E-03  18.6541   2.2575  79.37
 8.22229E+07     7 7.09129E-01   996 2.40485E-04  13.3833   1.5609  39.49
 8.30541E+07     9 6.89665E-01   911 2.40485E-04  16.5808   1.9499  24.01
 8.37728E+07    30 6.10298E-02  1117 3.87002E-04   8.5269   2.3830  29.84
 8.46128E+07     7 7.09369E-01  1268 3.87002E-04  18.6372   2.1881  63.11
 8.70709E+07     9 6.89905E-01   522 2.51676E-03  16.8811   2.0401  33.30
 8.71668E+07     7 7.09756E-01  1047 2.40485E-04  11.6845   1.3625  22.77
 8.92975E+07     9 6.92422E-01  1041 2.40485E-04  10.1753   1.1950  11.42
 8.94049E+07     9 6.92663E-01  1298 3.87002E-04  14.7982   1.7496  43.07
 9.00727E+07     7 7.09997E-01   549 2.51676E-03  18.9067   2.2650  69.42
 9.11152E+07     9 6.93050E-01   379 2.51676E-03  19.3220   2.3316  60.66
 9.18183E+07     7 7.12513E-01  1069 2.40485E-04  12.7444   1.4841  75.38
 9.34779E+07     9 6.95566E-01   965 2.40485E-04  15.2912   1.7932  19.74
 9.80145E+07     7 7.12754E-01   807 2.40485E-04  20.3188   2.3661  62.73
 1.02178E+08     9 6.95807E-01  1063 2.40485E-04  11.6754   1.3691  48.56
 1.02189E+08     9 6.96047E-01   198 2.51676E-03  10.5349   1.2694  19.26
 1.05092E+08     9 6.98564E-01   707 2.51676E-03  17.5111   2.1074  30.33
 1.06127E+08     9 7.01081E-01   982 2.40485E-04  20.5734   2.4063  56.14
 1.08231E+08     9 7.01321E-01   846 2.40485E-04  10.8523   1.2692  23.53
 1.09062E+08     4 3.30814E-01  1462 3.87002E-04  20.2923   3.1097  46.31
 1.09141E+08     7 7.12994E-01  1442 3.87002E-04  29.3583   3.4414  88.49
 1.09400E+08     9 7.01562E-01    61 2.51676E-03  12.4117   1.4915  65.47
 1.10310E+08    30 6.14168E-02   905 2.40485E-04  11.2398   3.0968  36.50
 1.16228E+08     4 3.31201E-01   928 2.40485E-04  28.7439   4.3671  43.98
 1.20321E+08     7 7.13381E-01  1441 3.87002E-04  14.8825   1.7444  68.17
 1.21425E+08     9 7.04079E-01   782 2.40485E-04  11.6329   1.3587  13.57
 1.22504E+08     7 7.13768E-01  1021 2.40485E-04   8.6902   1.0117  51.35
 1.25704E+08     9 7.04319E-01   425 2.51676E-03  31.3100   3.7575  63.11
 1.27772E+08     7 7.14009E-01   516 2.51676E-03  16.3776   1.9586  73.54
 1.33494E+08    30 6.16572E-02  1007 2.40485E-04  13.1366   3.6162  33.59
 1.33856E+08     4 3.31442E-01   769 2.40485E-04  24.0933   3.6600  37.79
 1.40288E+08     4 3.31682E-01   507 2.51676E-03  19.5165   3.0621  51.74
 1.42769E+08     7 7.16526E-01   120 2.51676E-03  27.1038   3.2373  34.43
 1.47184E+08     4 3.34199E-01   837 2.40485E-04  32.2171   4.8803  60.27
 1.49290E+08     7 7.19042E-01  1417 3.87002E-04  20.8240   2.4343  40.74
